Determining if the pthread_create exist failed with the following output:
Change Dir: /root/Desktop/sofar/build/CMakeFiles/CMakeTmp

Run Build Command:"/usr/bin/make" "cmTC_c67ef/fast"
/usr/bin/make -f CMakeFiles/cmTC_c67ef.dir/build.make CMakeFiles/cmTC_c67ef.dir/build
make[1]: Entering directory '/root/Desktop/sofar/build/CMakeFiles/CMakeTmp'
Building C object CMakeFiles/cmTC_c67ef.dir/CheckSymbolExists.c.o
/usr/bin/cc     -o CMakeFiles/cmTC_c67ef.dir/CheckSymbolExists.c.o   -c /root/Desktop/sofar/build/CMakeFiles/CMakeTmp/CheckSymbolExists.c
Linking C executable cmTC_c67ef
/usr/bin/cmake -E cmake_link_script CMakeFiles/cmTC_c67ef.dir/link.txt --verbose=1
/usr/bin/cc       CMakeFiles/cmTC_c67ef.dir/CheckSymbolExists.c.o  -o cmTC_c67ef -rdynamic 
CMakeFiles/cmTC_c67ef.dir/CheckSymbolExists.c.o: In function `main':
CheckSymbolExists.c:(.text+0x16): undefined reference to `pthread_create'
collect2: error: ld returned 1 exit status
CMakeFiles/cmTC_c67ef.dir/build.make:97: recipe for target 'cmTC_c67ef' failed
make[1]: *** [cmTC_c67ef] Error 1
make[1]: Leaving directory '/root/Desktop/sofar/build/CMakeFiles/CMakeTmp'
Makefile:126: recipe for target 'cmTC_c67ef/fast' failed
make: *** [cmTC_c67ef/fast] Error 2

File /root/Desktop/sofar/build/CMakeFiles/CMakeTmp/CheckSymbolExists.c:
/* */
#include <pthread.h>

int main(int argc, char** argv)
{
  (void)argv;
#ifndef pthread_create
  return ((int*)(&pthread_create))[argc];
#else
  (void)argc;
  return 0;
#endif
}

Determining if the function pthread_create exists in the pthreads failed with the following output:
Change Dir: /root/Desktop/sofar/build/CMakeFiles/CMakeTmp

Run Build Command:"/usr/bin/make" "cmTC_6a0ba/fast"
/usr/bin/make -f CMakeFiles/cmTC_6a0ba.dir/build.make CMakeFiles/cmTC_6a0ba.dir/build
make[1]: Entering directory '/root/Desktop/sofar/build/CMakeFiles/CMakeTmp'
Building C object CMakeFiles/cmTC_6a0ba.dir/CheckFunctionExists.c.o
/usr/bin/cc    -DCHECK_FUNCTION_EXISTS=pthread_create   -o CMakeFiles/cmTC_6a0ba.dir/CheckFunctionExists.c.o   -c /usr/share/cmake-3.5/Modules/CheckFunctionExists.c
Linking C executable cmTC_6a0ba
/usr/bin/cmake -E cmake_link_script CMakeFiles/cmTC_6a0ba.dir/link.txt --verbose=1
/usr/bin/cc   -DCHECK_FUNCTION_EXISTS=pthread_create    CMakeFiles/cmTC_6a0ba.dir/CheckFunctionExists.c.o  -o cmTC_6a0ba -rdynamic -lpthreads 
/usr/bin/ld: cannot find -lpthreads
collect2: error: ld returned 1 exit status
CMakeFiles/cmTC_6a0ba.dir/build.make:97: recipe for target 'cmTC_6a0ba' failed
make[1]: *** [cmTC_6a0ba] Error 1
make[1]: Leaving directory '/root/Desktop/sofar/build/CMakeFiles/CMakeTmp'
Makefile:126: recipe for target 'cmTC_6a0ba/fast' failed
make: *** [cmTC_6a0ba/fast] Error 2


